{"name":"hexo","hostname":"kemanfeichangshuai","pid":15848,"level":20,"msg":"Writing database to D:\\hexo\\blog/db.json","time":"2020-05-07T15:57:09.973Z","v":0}
{"name":"hexo","hostname":"kemanfeichangshuai","pid":15848,"level":20,"msg":"Hexo version: 4.2.0","time":"2020-05-07T15:57:09.990Z","v":0}
{"name":"hexo","hostname":"kemanfeichangshuai","pid":15848,"level":20,"msg":"Working directory: D:\\hexo\\blog\\","time":"2020-05-07T15:57:09.990Z","v":0}
{"name":"hexo","hostname":"kemanfeichangshuai","pid":15848,"level":20,"msg":"Config loaded: D:\\hexo\\blog\\_config.yml","time":"2020-05-07T15:57:10.092Z","v":0}
{"name":"hexo","hostname":"kemanfeichangshuai","pid":15848,"level":20,"msg":"Plugin loaded: hexo-deployer-git","time":"2020-05-07T15:57:10.218Z","v":0}
{"name":"hexo","hostname":"kemanfeichangshuai","pid":15848,"level":20,"msg":"Plugin loaded: hexo-generator-archive","time":"2020-05-07T15:57:10.220Z","v":0}
{"name":"hexo","hostname":"kemanfeichangshuai","pid":15848,"level":20,"msg":"Plugin loaded: hexo-generator-index","time":"2020-05-07T15:57:10.221Z","v":0}
{"name":"hexo","hostname":"kemanfeichangshuai","pid":15848,"level":20,"msg":"Plugin loaded: hexo-generator-category","time":"2020-05-07T15:57:10.222Z","v":0}
{"name":"hexo","hostname":"kemanfeichangshuai","pid":15848,"level":20,"msg":"Plugin loaded: hexo-generator-tag","time":"2020-05-07T15:57:10.223Z","v":0}
{"name":"hexo","hostname":"kemanfeichangshuai","pid":15848,"level":20,"msg":"Plugin loaded: hexo-renderer-ejs","time":"2020-05-07T15:57:10.226Z","v":0}
{"name":"hexo","hostname":"kemanfeichangshuai","pid":15848,"level":20,"msg":"Plugin loaded: hexo-renderer-marked","time":"2020-05-07T15:57:10.263Z","v":0}
{"name":"hexo","hostname":"kemanfeichangshuai","pid":15848,"level":20,"msg":"Plugin loaded: hexo-renderer-stylus","time":"2020-05-07T15:57:10.338Z","v":0}
{"name":"hexo","hostname":"kemanfeichangshuai","pid":15848,"level":20,"msg":"Plugin loaded: hexo-server","time":"2020-05-07T15:57:10.419Z","v":0}
{"name":"hexo","hostname":"kemanfeichangshuai","pid":15848,"level":20,"msg":"Script loaded: themes\\fluid\\scripts\\events\\lib\\hello.js","time":"2020-05-07T15:57:10.427Z","v":0}
{"name":"hexo","hostname":"kemanfeichangshuai","pid":15848,"level":20,"msg":"Script loaded: themes\\fluid\\scripts\\events\\index.js","time":"2020-05-07T15:57:10.428Z","v":0}
{"name":"hexo","hostname":"kemanfeichangshuai","pid":15848,"level":20,"msg":"Script loaded: themes\\fluid\\scripts\\events\\lib\\highlight.js","time":"2020-05-07T15:57:10.428Z","v":0}
{"name":"hexo","hostname":"kemanfeichangshuai","pid":15848,"level":20,"msg":"Script loaded: themes\\fluid\\scripts\\events\\lib\\version.js","time":"2020-05-07T15:57:10.428Z","v":0}
{"name":"hexo","hostname":"kemanfeichangshuai","pid":15848,"level":20,"msg":"Script loaded: themes\\fluid\\scripts\\events\\lib\\lazyload.js","time":"2020-05-07T15:57:10.430Z","v":0}
{"name":"hexo","hostname":"kemanfeichangshuai","pid":15848,"level":20,"msg":"Script loaded: themes\\fluid\\scripts\\events\\lib\\merge-configs.js","time":"2020-05-07T15:57:10.431Z","v":0}
{"name":"hexo","hostname":"kemanfeichangshuai","pid":15848,"level":20,"msg":"Script loaded: themes\\fluid\\scripts\\filters\\post-filter.js","time":"2020-05-07T15:57:10.431Z","v":0}
{"name":"hexo","hostname":"kemanfeichangshuai","pid":15848,"level":20,"msg":"Script loaded: themes\\fluid\\scripts\\generators\\local-search.js","time":"2020-05-07T15:57:10.432Z","v":0}
{"name":"hexo","hostname":"kemanfeichangshuai","pid":15848,"level":20,"msg":"Script loaded: themes\\fluid\\scripts\\generators\\pages.js","time":"2020-05-07T15:57:10.432Z","v":0}
{"name":"hexo","hostname":"kemanfeichangshuai","pid":15848,"level":20,"msg":"Script loaded: themes\\fluid\\scripts\\helpers\\page.js","time":"2020-05-07T15:57:10.432Z","v":0}
{"name":"hexo","hostname":"kemanfeichangshuai","pid":15848,"level":20,"msg":"Script loaded: themes\\fluid\\scripts\\helpers\\url.js","time":"2020-05-07T15:57:10.433Z","v":0}
{"name":"hexo","hostname":"kemanfeichangshuai","pid":15848,"level":20,"msg":"Script loaded: themes\\fluid\\scripts\\helpers\\wordcount.js","time":"2020-05-07T15:57:10.433Z","v":0}
{"name":"hexo","hostname":"kemanfeichangshuai","pid":15848,"level":20,"msg":"Script loaded: themes\\fluid\\scripts\\tags\\button.js","time":"2020-05-07T15:57:10.433Z","v":0}
{"name":"hexo","hostname":"kemanfeichangshuai","pid":15848,"level":20,"msg":"Script loaded: themes\\fluid\\scripts\\tags\\checkbox.js","time":"2020-05-07T15:57:10.434Z","v":0}
{"name":"hexo","hostname":"kemanfeichangshuai","pid":15848,"level":20,"msg":"Script loaded: themes\\fluid\\scripts\\tags\\group-image.js","time":"2020-05-07T15:57:10.434Z","v":0}
{"name":"hexo","hostname":"kemanfeichangshuai","pid":15848,"level":20,"msg":"Script loaded: themes\\fluid\\scripts\\tags\\label.js","time":"2020-05-07T15:57:10.434Z","v":0}
{"name":"hexo","hostname":"kemanfeichangshuai","pid":15848,"level":20,"msg":"Script loaded: themes\\fluid\\scripts\\tags\\note.js","time":"2020-05-07T15:57:10.434Z","v":0}
{"name":"hexo","hostname":"kemanfeichangshuai","pid":15848,"level":20,"msg":"Script loaded: themes\\fluid\\scripts\\utils\\join-path.js","time":"2020-05-07T15:57:10.435Z","v":0}
{"name":"hexo","hostname":"kemanfeichangshuai","pid":15848,"level":20,"msg":"Script loaded: themes\\fluid\\scripts\\utils\\object.js","time":"2020-05-07T15:57:10.435Z","v":0}
{"name":"hexo","hostname":"kemanfeichangshuai","pid":15848,"level":20,"msg":"Loading database.","time":"2020-05-07T15:57:10.436Z","v":0}
{"name":"hexo","hostname":"kemanfeichangshuai","pid":15848,"level":30,"msg":"Start processing","time":"2020-05-07T15:57:10.456Z","v":0}
{"name":"hexo","hostname":"kemanfeichangshuai","pid":15848,"level":20,"msg":"Processed: CNAME.txt","time":"2020-05-07T15:57:10.473Z","v":0}
{"name":"hexo","hostname":"kemanfeichangshuai","pid":15848,"level":20,"msg":"Processed: _posts/hello-world.md","time":"2020-05-07T15:57:10.497Z","v":0}
{"name":"hexo","hostname":"kemanfeichangshuai","pid":15848,"level":20,"msg":"Processed: about/index.md","time":"2020-05-07T15:57:10.497Z","v":0}
{"name":"hexo","hostname":"kemanfeichangshuai","pid":15848,"level":20,"msg":"Processed: debug.log","time":"2020-05-07T15:57:10.511Z","v":0}
{"name":"hexo","hostname":"kemanfeichangshuai","pid":15848,"level":50,"msg":"Theme config load failed.","time":"2020-05-07T15:57:10.558Z","v":0}
{"name":"hexo","hostname":"kemanfeichangshuai","pid":15848,"level":50,"err":{"message":"bad indentation of a mapping entry at line 41, column 5:\n        enable: false\n        ^","name":"YAMLException","stack":"YAMLException: bad indentation of a mapping entry at line 41, column 5:\n        enable: false\n        ^\n    at generateError (D:\\hexo\\blog\\node_modules\\js-yaml\\lib\\js-yaml\\loader.js:167:10)\n    at throwError (D:\\hexo\\blog\\node_modules\\js-yaml\\lib\\js-yaml\\loader.js:173:9)\n    at readBlockMapping (D:\\hexo\\blog\\node_modules\\js-yaml\\lib\\js-yaml\\loader.js:1107:7)\n    at composeNode (D:\\hexo\\blog\\node_modules\\js-yaml\\lib\\js-yaml\\loader.js:1359:12)\n    at readBlockMapping (D:\\hexo\\blog\\node_modules\\js-yaml\\lib\\js-yaml\\loader.js:1089:11)\n    at composeNode (D:\\hexo\\blog\\node_modules\\js-yaml\\lib\\js-yaml\\loader.js:1359:12)\n    at readDocument (D:\\hexo\\blog\\node_modules\\js-yaml\\lib\\js-yaml\\loader.js:1519:3)\n    at loadDocuments (D:\\hexo\\blog\\node_modules\\js-yaml\\lib\\js-yaml\\loader.js:1575:5)\n    at Object.load (D:\\hexo\\blog\\node_modules\\js-yaml\\lib\\js-yaml\\loader.js:1596:19)\n    at Hexo.yamlHelper (D:\\hexo\\blog\\node_modules\\hexo\\lib\\plugins\\renderer\\yaml.js:7:15)\n    at Hexo.tryCatcher (D:\\hexo\\blog\\node_modules\\bluebird\\js\\release\\util.js:16:23)\n    at Hexo.<anonymous> (D:\\hexo\\blog\\node_modules\\bluebird\\js\\release\\method.js:15:34)\n    at D:\\hexo\\blog\\node_modules\\hexo\\lib\\hexo\\render.js:75:22\n    at tryCatcher (D:\\hexo\\blog\\node_modules\\bluebird\\js\\release\\util.js:16:23)\n    at Promise._settlePromiseFromHandler (D:\\hexo\\blog\\node_modules\\bluebird\\js\\release\\promise.js:547:31)\n    at Promise._settlePromise (D:\\hexo\\blog\\node_modules\\bluebird\\js\\release\\promise.js:604:18)\n    at Promise._settlePromise0 (D:\\hexo\\blog\\node_modules\\bluebird\\js\\release\\promise.js:649:10)\n    at Promise._settlePromises (D:\\hexo\\blog\\node_modules\\bluebird\\js\\release\\promise.js:729:18)\n    at _drainQueueStep (D:\\hexo\\blog\\node_modules\\bluebird\\js\\release\\async.js:93:12)\n    at _drainQueue (D:\\hexo\\blog\\node_modules\\bluebird\\js\\release\\async.js:86:9)\n    at Async._drainQueues (D:\\hexo\\blog\\node_modules\\bluebird\\js\\release\\async.js:102:5)\n    at Immediate.Async.drainQueues [as _onImmediate] (D:\\hexo\\blog\\node_modules\\bluebird\\js\\release\\async.js:15:14)\n    at processImmediate (internal/timers.js:456:21)"},"msg":"Process failed: _config.yml","time":"2020-05-07T15:57:10.559Z","v":0}
{"name":"hexo","hostname":"kemanfeichangshuai","pid":15848,"level":20,"msg":"Processed: source/css/main.styl","time":"2020-05-07T15:57:10.573Z","v":0}
{"name":"hexo","hostname":"kemanfeichangshuai","pid":15848,"level":20,"msg":"Processed: source/js/clipboard-use.js","time":"2020-05-07T15:57:10.574Z","v":0}
{"name":"hexo","hostname":"kemanfeichangshuai","pid":15848,"level":20,"msg":"Processed: source/js/lazyload.js","time":"2020-05-07T15:57:10.574Z","v":0}
{"name":"hexo","hostname":"kemanfeichangshuai","pid":15848,"level":20,"msg":"Processed: source/js/local-search.js","time":"2020-05-07T15:57:10.575Z","v":0}
{"name":"hexo","hostname":"kemanfeichangshuai","pid":15848,"level":20,"msg":"Processed: source/js/main.js","time":"2020-05-07T15:57:10.575Z","v":0}
{"name":"hexo","hostname":"kemanfeichangshuai","pid":15848,"level":20,"msg":"Processed: source/img/atmospheric.png","time":"2020-05-07T15:57:10.576Z","v":0}
{"name":"hexo","hostname":"kemanfeichangshuai","pid":15848,"level":20,"msg":"Processed: source/img/apple-touch-icon.png","time":"2020-05-07T15:57:10.576Z","v":0}
{"name":"hexo","hostname":"kemanfeichangshuai","pid":15848,"level":20,"msg":"Processed: source/img/default.png","time":"2020-05-07T15:57:10.577Z","v":0}
{"name":"hexo","hostname":"kemanfeichangshuai","pid":15848,"level":20,"msg":"Processed: source/img/loading.gif","time":"2020-05-07T15:57:10.577Z","v":0}
{"name":"hexo","hostname":"kemanfeichangshuai","pid":15848,"level":20,"msg":"Processed: source/img/police_beian.png","time":"2020-05-07T15:57:10.577Z","v":0}
{"name":"hexo","hostname":"kemanfeichangshuai","pid":15848,"level":20,"msg":"Processed: layout/archive.ejs","time":"2020-05-07T15:57:10.597Z","v":0}
{"name":"hexo","hostname":"kemanfeichangshuai","pid":15848,"level":20,"msg":"Processed: layout/about.ejs","time":"2020-05-07T15:57:10.597Z","v":0}
{"name":"hexo","hostname":"kemanfeichangshuai","pid":15848,"level":20,"msg":"Processed: layout/404.ejs","time":"2020-05-07T15:57:10.597Z","v":0}
{"name":"hexo","hostname":"kemanfeichangshuai","pid":15848,"level":20,"msg":"Processed: layout/index.ejs","time":"2020-05-07T15:57:10.597Z","v":0}
{"name":"hexo","hostname":"kemanfeichangshuai","pid":15848,"level":20,"msg":"Processed: layout/categories.ejs","time":"2020-05-07T15:57:10.597Z","v":0}
{"name":"hexo","hostname":"kemanfeichangshuai","pid":15848,"level":20,"msg":"Processed: layout/category.ejs","time":"2020-05-07T15:57:10.597Z","v":0}
{"name":"hexo","hostname":"kemanfeichangshuai","pid":15848,"level":20,"msg":"Processed: layout/links.ejs","time":"2020-05-07T15:57:10.597Z","v":0}
{"name":"hexo","hostname":"kemanfeichangshuai","pid":15848,"level":20,"msg":"Processed: layout/post.ejs","time":"2020-05-07T15:57:10.597Z","v":0}
{"name":"hexo","hostname":"kemanfeichangshuai","pid":15848,"level":20,"msg":"Processed: layout/layout.ejs","time":"2020-05-07T15:57:10.597Z","v":0}
{"name":"hexo","hostname":"kemanfeichangshuai","pid":15848,"level":20,"msg":"Processed: layout/page.ejs","time":"2020-05-07T15:57:10.597Z","v":0}
{"name":"hexo","hostname":"kemanfeichangshuai","pid":15848,"level":50,"err":{"message":"bad indentation of a mapping entry at line 157, column 5:\n        enable: true  # 为 false 则不显示任何内容\n        ^","name":"YAMLException","stack":"YAMLException: bad indentation of a mapping entry at line 157, column 5:\n        enable: true  # 为 false 则不显示任何内容\n        ^\n    at generateError (D:\\hexo\\blog\\node_modules\\js-yaml\\lib\\js-yaml\\loader.js:167:10)\n    at throwError (D:\\hexo\\blog\\node_modules\\js-yaml\\lib\\js-yaml\\loader.js:173:9)\n    at readBlockMapping (D:\\hexo\\blog\\node_modules\\js-yaml\\lib\\js-yaml\\loader.js:1107:7)\n    at composeNode (D:\\hexo\\blog\\node_modules\\js-yaml\\lib\\js-yaml\\loader.js:1359:12)\n    at readBlockMapping (D:\\hexo\\blog\\node_modules\\js-yaml\\lib\\js-yaml\\loader.js:1089:11)\n    at composeNode (D:\\hexo\\blog\\node_modules\\js-yaml\\lib\\js-yaml\\loader.js:1359:12)\n    at readDocument (D:\\hexo\\blog\\node_modules\\js-yaml\\lib\\js-yaml\\loader.js:1519:3)\n    at loadDocuments (D:\\hexo\\blog\\node_modules\\js-yaml\\lib\\js-yaml\\loader.js:1575:5)\n    at Object.load (D:\\hexo\\blog\\node_modules\\js-yaml\\lib\\js-yaml\\loader.js:1596:19)\n    at Hexo.yamlHelper (D:\\hexo\\blog\\node_modules\\hexo\\lib\\plugins\\renderer\\yaml.js:7:15)\n    at Hexo.tryCatcher (D:\\hexo\\blog\\node_modules\\bluebird\\js\\release\\util.js:16:23)\n    at Hexo.<anonymous> (D:\\hexo\\blog\\node_modules\\bluebird\\js\\release\\method.js:15:34)\n    at D:\\hexo\\blog\\node_modules\\hexo\\lib\\hexo\\render.js:75:22\n    at tryCatcher (D:\\hexo\\blog\\node_modules\\bluebird\\js\\release\\util.js:16:23)\n    at Promise._settlePromiseFromHandler (D:\\hexo\\blog\\node_modules\\bluebird\\js\\release\\promise.js:547:31)\n    at Promise._settlePromise (D:\\hexo\\blog\\node_modules\\bluebird\\js\\release\\promise.js:604:18)\n    at Promise._settlePromise0 (D:\\hexo\\blog\\node_modules\\bluebird\\js\\release\\promise.js:649:10)\n    at Promise._settlePromises (D:\\hexo\\blog\\node_modules\\bluebird\\js\\release\\promise.js:729:18)\n    at _drainQueueStep (D:\\hexo\\blog\\node_modules\\bluebird\\js\\release\\async.js:93:12)\n    at _drainQueue (D:\\hexo\\blog\\node_modules\\bluebird\\js\\release\\async.js:86:9)\n    at Async._drainQueues (D:\\hexo\\blog\\node_modules\\bluebird\\js\\release\\async.js:102:5)\n    at Immediate.Async.drainQueues [as _onImmediate] (D:\\hexo\\blog\\node_modules\\bluebird\\js\\release\\async.js:15:14)\n    at processImmediate (internal/timers.js:456:21)"},"msg":"Process failed: _data/fluid_config.yml","time":"2020-05-07T15:57:10.599Z","v":0}
{"name":"hexo","hostname":"kemanfeichangshuai","pid":15848,"level":20,"msg":"Processed: languages/ja.yml","time":"2020-05-07T15:57:10.599Z","v":0}
{"name":"hexo","hostname":"kemanfeichangshuai","pid":15848,"level":20,"msg":"Processed: languages/en.yml","time":"2020-05-07T15:57:10.599Z","v":0}
{"name":"hexo","hostname":"kemanfeichangshuai","pid":15848,"level":20,"msg":"Processed: languages/zh-CN.yml","time":"2020-05-07T15:57:10.599Z","v":0}
{"name":"hexo","hostname":"kemanfeichangshuai","pid":15848,"level":20,"msg":"Processed: source/img/touxiang.jpg","time":"2020-05-07T15:57:10.602Z","v":0}
{"name":"hexo","hostname":"kemanfeichangshuai","pid":15848,"level":20,"msg":"Processed: _data/fluid_config.yml.yml","time":"2020-05-07T15:57:10.602Z","v":0}
{"name":"hexo","hostname":"kemanfeichangshuai","pid":15848,"level":20,"msg":"Processed: layout/tag.ejs","time":"2020-05-07T15:57:10.612Z","v":0}
{"name":"hexo","hostname":"kemanfeichangshuai","pid":15848,"level":20,"msg":"Processed: layout/tags.ejs","time":"2020-05-07T15:57:10.613Z","v":0}
{"name":"hexo","hostname":"kemanfeichangshuai","pid":15848,"level":20,"msg":"Processed: layout/_partial/beian.ejs","time":"2020-05-07T15:57:10.619Z","v":0}
{"name":"hexo","hostname":"kemanfeichangshuai","pid":15848,"level":20,"msg":"Processed: layout/_partial/busuanzi.ejs","time":"2020-05-07T15:57:10.619Z","v":0}
{"name":"hexo","hostname":"kemanfeichangshuai","pid":15848,"level":20,"msg":"Processed: layout/_partial/css.ejs","time":"2020-05-07T15:57:10.619Z","v":0}
{"name":"hexo","hostname":"kemanfeichangshuai","pid":15848,"level":20,"msg":"Processed: layout/_partial/footer.ejs","time":"2020-05-07T15:57:10.619Z","v":0}
{"name":"hexo","hostname":"kemanfeichangshuai","pid":15848,"level":20,"msg":"Processed: layout/_partial/head.ejs","time":"2020-05-07T15:57:10.620Z","v":0}
{"name":"hexo","hostname":"kemanfeichangshuai","pid":15848,"level":20,"msg":"Processed: layout/_partial/paginator.ejs","time":"2020-05-07T15:57:10.620Z","v":0}
{"name":"hexo","hostname":"kemanfeichangshuai","pid":15848,"level":20,"msg":"Processed: layout/_partial/scripts.ejs","time":"2020-05-07T15:57:10.620Z","v":0}
{"name":"hexo","hostname":"kemanfeichangshuai","pid":15848,"level":20,"msg":"Processed: layout/_partial/nav.ejs","time":"2020-05-07T15:57:10.620Z","v":0}
{"name":"hexo","hostname":"kemanfeichangshuai","pid":15848,"level":20,"msg":"Processed: layout/_partial/search.ejs","time":"2020-05-07T15:57:10.620Z","v":0}
{"name":"hexo","hostname":"kemanfeichangshuai","pid":15848,"level":20,"msg":"Processed: layout/_partial/toc.ejs","time":"2020-05-07T15:57:10.620Z","v":0}
{"name":"hexo","hostname":"kemanfeichangshuai","pid":15848,"level":20,"msg":"Processed: layout/_partial/comments/changyan.ejs","time":"2020-05-07T15:57:10.631Z","v":0}
{"name":"hexo","hostname":"kemanfeichangshuai","pid":15848,"level":20,"msg":"Processed: layout/_partial/comments/livere.ejs","time":"2020-05-07T15:57:10.631Z","v":0}
{"name":"hexo","hostname":"kemanfeichangshuai","pid":15848,"level":20,"msg":"Processed: layout/_partial/comments/gitalk.ejs","time":"2020-05-07T15:57:10.631Z","v":0}
{"name":"hexo","hostname":"kemanfeichangshuai","pid":15848,"level":20,"msg":"Processed: layout/_partial/comments/disqus.ejs","time":"2020-05-07T15:57:10.631Z","v":0}
{"name":"hexo","hostname":"kemanfeichangshuai","pid":15848,"level":20,"msg":"Processed: layout/_partial/comments/utterances.ejs","time":"2020-05-07T15:57:10.631Z","v":0}
{"name":"hexo","hostname":"kemanfeichangshuai","pid":15848,"level":20,"msg":"Processed: layout/_partial/comments/valine.ejs","time":"2020-05-07T15:57:10.631Z","v":0}
{"name":"hexo","hostname":"kemanfeichangshuai","pid":15848,"level":20,"msg":"Processed: layout/_partial/plugins/analytics.ejs","time":"2020-05-07T15:57:10.631Z","v":0}
{"name":"hexo","hostname":"kemanfeichangshuai","pid":15848,"level":20,"msg":"Processed: layout/_partial/plugins/anchor.ejs","time":"2020-05-07T15:57:10.631Z","v":0}
{"name":"hexo","hostname":"kemanfeichangshuai","pid":15848,"level":20,"msg":"Processed: layout/_partial/plugins/aplayer.ejs","time":"2020-05-07T15:57:10.631Z","v":0}
{"name":"hexo","hostname":"kemanfeichangshuai","pid":15848,"level":20,"msg":"Processed: layout/_partial/plugins/daovoice.ejs","time":"2020-05-07T15:57:10.631Z","v":0}
{"name":"hexo","hostname":"kemanfeichangshuai","pid":15848,"level":20,"msg":"Processed: layout/_partial/plugins/fancybox.ejs","time":"2020-05-07T15:57:10.631Z","v":0}
{"name":"hexo","hostname":"kemanfeichangshuai","pid":15848,"level":20,"msg":"Processed: layout/_partial/plugins/local-search.ejs","time":"2020-05-07T15:57:10.632Z","v":0}
{"name":"hexo","hostname":"kemanfeichangshuai","pid":15848,"level":20,"msg":"Processed: layout/_partial/plugins/math.ejs","time":"2020-05-07T15:57:10.632Z","v":0}
{"name":"hexo","hostname":"kemanfeichangshuai","pid":15848,"level":20,"msg":"Processed: layout/_partial/plugins/mermaid.ejs","time":"2020-05-07T15:57:10.632Z","v":0}
{"name":"hexo","hostname":"kemanfeichangshuai","pid":15848,"level":20,"msg":"Processed: layout/_partial/plugins/tocjs.ejs","time":"2020-05-07T15:57:10.632Z","v":0}
{"name":"hexo","hostname":"kemanfeichangshuai","pid":15848,"level":20,"msg":"Processed: layout/_partial/plugins/mouse-click.ejs","time":"2020-05-07T15:57:10.632Z","v":0}
{"name":"hexo","hostname":"kemanfeichangshuai","pid":15848,"level":20,"msg":"Processed: layout/_partial/plugins/typed.ejs","time":"2020-05-07T15:57:10.632Z","v":0}
{"name":"hexo","hostname":"kemanfeichangshuai","pid":15848,"level":20,"msg":"Processed: source/img/zhuye.png","time":"2020-05-07T15:57:10.639Z","v":0}
{"name":"hexo","hostname":"kemanfeichangshuai","pid":15848,"level":30,"msg":"\n------------------------------------------------\n|                                              |\n|     ________  __            _        __      |\n|    |_   __  |[  |          (_)      |  ]     |\n|      | |_ \\_| | | __   _   __   .--.| |      |\n|      |  _|    | |[  | | | [  |/ /'`\\' |      |\n|     _| |_     | | | \\_/ |, | || \\__/  |      |\n|    |_____|   [___]'.__.'_/[___]'.__.;__]     |\n|                                              |\n|       Thank you for using Fluid theme !      |\n|    Docs: https://hexo.fluid-dev.com/docs/    |\n|                                              |\n------------------------------------------------\n","time":"2020-05-07T15:57:10.640Z","v":0}
{"name":"hexo","hostname":"kemanfeichangshuai","pid":15848,"level":20,"msg":"Fluid: theme static_prefix config merged","time":"2020-05-07T15:57:10.642Z","v":0}
{"name":"hexo","hostname":"kemanfeichangshuai","pid":15848,"level":20,"msg":"Fluid: theme config merged","time":"2020-05-07T15:57:10.642Z","v":0}
{"name":"hexo","hostname":"kemanfeichangshuai","pid":15848,"level":20,"msg":"Configs:\n {\n  \"static_prefix\": {\n    \"internal_js\": \"/js\",\n    \"internal_css\": \"/css\",\n    \"internal_img\": \"/img\",\n    \"iconfont\": \"//at.alicdn.com/t/font_1736178_pjno9b9zyxs.css\",\n    \"anchor\": \"https://cdn.staticfile.org/anchor-js/4.2.2/\",\n    \"github_markdown\": \"https://cdn.staticfile.org/github-markdown-css/4.0.0/\",\n    \"jquery\": \"https://cdn.staticfile.org/jquery/3.4.1/\",\n    \"bootstrap\": \"https://cdn.staticfile.org/twitter-bootstrap/4.4.1/\",\n    \"highlightjs\": \"https://cdn.staticfile.org/highlight.js/10.0.0/\",\n    \"tocbot\": \"https://cdn.staticfile.org/tocbot/4.11.1/\",\n    \"typed\": \"https://cdn.staticfile.org/typed.js/2.0.11/\",\n    \"fancybox\": \"https://cdn.staticfile.org/fancybox/3.5.7/\",\n    \"mathjax\": \"https://cdn.staticfile.org/mathjax/3.0.5/es5/\",\n    \"katex\": \"https://cdn.staticfile.org/KaTeX/0.11.1/\",\n    \"aplayer\": \"https://cdn.staticfile.org/aplayer/1.10.1/\",\n    \"busuanzi\": \"https://busuanzi.ibruce.info/busuanzi/2.3/\",\n    \"clipboard\": \"https://cdn.staticfile.org/clipboard.js/2.0.6/\",\n    \"mermaid\": \"https://cdn.staticfile.org/mermaid/8.5.0/\",\n    \"valine\": \"https://cdn.staticfile.org/valine/1.4.14/\",\n    \"gitalk\": \"https://cdn.staticfile.org/gitalk/1.6.2/\",\n    \"blueimp-md5\": \"https://cdn.staticfile.org/blueimp-md5/2.13.0/\"\n  }\n}","time":"2020-05-07T15:57:10.642Z","v":0}
{"name":"hexo","hostname":"kemanfeichangshuai","pid":15848,"level":60,"err":{"message":"Cannot read property 'enable' of undefined","name":"TypeError","stack":"TypeError: Cannot read property 'enable' of undefined\n    at module.exports (D:\\hexo\\blog\\themes\\fluid\\scripts\\events\\lib\\highlight.js:5:25)\n    at Hexo.<anonymous> (D:\\hexo\\blog\\themes\\fluid\\scripts\\events\\index.js:8:29)\n    at Hexo.emit (events.js:322:22)\n    at Hexo._generate (D:\\hexo\\blog\\node_modules\\hexo\\lib\\hexo\\index.js:437:10)\n    at D:\\hexo\\blog\\node_modules\\hexo\\lib\\hexo\\index.js:310:24\n    at tryCatcher (D:\\hexo\\blog\\node_modules\\bluebird\\js\\release\\util.js:16:23)\n    at Promise._settlePromiseFromHandler (D:\\hexo\\blog\\node_modules\\bluebird\\js\\release\\promise.js:547:31)\n    at Promise._settlePromise (D:\\hexo\\blog\\node_modules\\bluebird\\js\\release\\promise.js:604:18)\n    at Promise._settlePromise0 (D:\\hexo\\blog\\node_modules\\bluebird\\js\\release\\promise.js:649:10)\n    at Promise._settlePromises (D:\\hexo\\blog\\node_modules\\bluebird\\js\\release\\promise.js:729:18)\n    at Promise._fulfill (D:\\hexo\\blog\\node_modules\\bluebird\\js\\release\\promise.js:673:18)\n    at PromiseArray._resolve (D:\\hexo\\blog\\node_modules\\bluebird\\js\\release\\promise_array.js:127:19)\n    at PromiseArray._promiseFulfilled (D:\\hexo\\blog\\node_modules\\bluebird\\js\\release\\promise_array.js:145:14)\n    at Promise._settlePromise (D:\\hexo\\blog\\node_modules\\bluebird\\js\\release\\promise.js:609:26)\n    at Promise._settlePromise0 (D:\\hexo\\blog\\node_modules\\bluebird\\js\\release\\promise.js:649:10)\n    at Promise._settlePromises (D:\\hexo\\blog\\node_modules\\bluebird\\js\\release\\promise.js:729:18)\n    at _drainQueueStep (D:\\hexo\\blog\\node_modules\\bluebird\\js\\release\\async.js:93:12)\n    at _drainQueue (D:\\hexo\\blog\\node_modules\\bluebird\\js\\release\\async.js:86:9)\n    at Async._drainQueues (D:\\hexo\\blog\\node_modules\\bluebird\\js\\release\\async.js:102:5)\n    at Immediate.Async.drainQueues [as _onImmediate] (D:\\hexo\\blog\\node_modules\\bluebird\\js\\release\\async.js:15:14)\n    at processImmediate (internal/timers.js:456:21)"},"msg":"Something's wrong. Maybe you can find the solution here: https://hexo.io/docs/troubleshooting.html","time":"2020-05-07T15:57:10.643Z","v":0}
{"name":"hexo","hostname":"kemanfeichangshuai","pid":15848,"level":20,"msg":"Database saved","time":"2020-05-07T15:57:10.648Z","v":0}
